{"level":"INFO","time":"2024-06-16T08:42:38.666Z","logger":"controller","message":"webhook disabled","commit":"490ef94"}
{"level":"INFO","time":"2024-06-16T08:42:38.667Z","logger":"controller.controller-runtime.metrics","message":"Starting metrics server","commit":"490ef94"}
{"level":"INFO","time":"2024-06-16T08:42:38.667Z","logger":"controller","message":"starting server","commit":"490ef94","name":"health probe","addr":"[::]:8081"}
{"level":"INFO","time":"2024-06-16T08:42:38.667Z","logger":"controller.controller-runtime.metrics","message":"Serving metrics server","commit":"490ef94","bindAddress":":8000","secure":false}
{"level":"INFO","time":"2024-06-16T08:42:38.768Z","logger":"controller","message":"attempting to acquire leader lease karpenter/karpenter-leader-election...","commit":"490ef94"}
{"level":"INFO","time":"2024-06-16T08:42:38.787Z","logger":"controller","message":"successfully acquired lease karpenter/karpenter-leader-election","commit":"490ef94"}
{"level":"INFO","time":"2024-06-16T08:42:38.788Z","logger":"controller","message":"Starting controller","commit":"490ef94","controller":"provisioner"}
{"level":"INFO","time":"2024-06-16T08:42:38.788Z","logger":"controller","message":"Starting controller","commit":"490ef94","controller":"disruption.queue"}
{"level":"INFO","time":"2024-06-16T08:42:38.788Z","logger":"controller","message":"Starting controller","commit":"490ef94","controller":"eviction-queue"}
{"level":"INFO","time":"2024-06-16T08:42:38.788Z","logger":"controller","message":"Starting EventSource","commit":"490ef94","controller":"provisioner.trigger.pod","controllerGroup":"","controllerKind":"Pod","source":"kind source: *v1.Pod"}
{"level":"INFO","time":"2024-06-16T08:42:38.788Z","logger":"controller","message":"Starting Controller","commit":"490ef94","controller":"provisioner.trigger.pod","controllerGroup":"","controllerKind":"Pod"}
{"level":"INFO","time":"2024-06-16T08:42:38.788Z","logger":"controller","message":"Starting workers","commit":"490ef94","controller":"provisioner.trigger.pod","controllerGroup":"","controllerKind":"Pod","worker count":10}
{"level":"INFO","time":"2024-06-16T08:42:38.788Z","logger":"controller","message":"Starting controller","commit":"490ef94","controller":"disruption"}
{"level":"INFO","time":"2024-06-16T08:42:38.788Z","logger":"controller","message":"Starting EventSource","commit":"490ef94","controller":"nodepool.hash","controllerGroup":"karpenter.sh","controllerKind":"NodePool","source":"kind source: *v1beta1.NodePool"}
{"level":"INFO","time":"2024-06-16T08:42:38.788Z","logger":"controller","message":"Starting Controller","commit":"490ef94","controller":"nodepool.hash","controllerGroup":"karpenter.sh","controllerKind":"NodePool"}
{"level":"INFO","time":"2024-06-16T08:42:38.789Z","logger":"controller","message":"Starting EventSource","commit":"490ef94","controller":"provisioner.trigger.node","controllerGroup":"","controllerKind":"Node","source":"kind source: *v1.Node"}
{"level":"INFO","time":"2024-06-16T08:42:38.789Z","logger":"controller","message":"Starting Controller","commit":"490ef94","controller":"provisioner.trigger.node","controllerGroup":"","controllerKind":"Node"}
{"level":"INFO","time":"2024-06-16T08:42:38.789Z","logger":"controller","message":"Starting EventSource","commit":"490ef94","controller":"state.node","controllerGroup":"","controllerKind":"Node","source":"kind source: *v1.Node"}
{"level":"INFO","time":"2024-06-16T08:42:38.789Z","logger":"controller","message":"Starting Controller","commit":"490ef94","controller":"state.node","controllerGroup":"","controllerKind":"Node"}
{"level":"INFO","time":"2024-06-16T08:42:38.790Z","logger":"controller","message":"Starting EventSource","commit":"490ef94","controller":"state.daemonset","controllerGroup":"apps","controllerKind":"DaemonSet","source":"kind source: *v1.DaemonSet"}
{"level":"INFO","time":"2024-06-16T08:42:38.790Z","logger":"controller","message":"Starting Controller","commit":"490ef94","controller":"state.daemonset","controllerGroup":"apps","controllerKind":"DaemonSet"}
{"level":"INFO","time":"2024-06-16T08:42:38.790Z","logger":"controller","message":"Starting EventSource","commit":"490ef94","controller":"state.nodepool","controllerGroup":"karpenter.sh","controllerKind":"NodePool","source":"kind source: *v1beta1.NodePool"}
{"level":"INFO","time":"2024-06-16T08:42:38.790Z","logger":"controller","message":"Starting Controller","commit":"490ef94","controller":"state.nodepool","controllerGroup":"karpenter.sh","controllerKind":"NodePool"}
{"level":"INFO","time":"2024-06-16T08:42:38.790Z","logger":"controller","message":"Starting EventSource","commit":"490ef94","controller":"node.termination","controllerGroup":"","controllerKind":"Node","source":"kind source: *v1.Node"}
{"level":"INFO","time":"2024-06-16T08:42:38.790Z","logger":"controller","message":"Starting Controller","commit":"490ef94","controller":"node.termination","controllerGroup":"","controllerKind":"Node"}
{"level":"INFO","time":"2024-06-16T08:42:38.791Z","logger":"controller","message":"Starting EventSource","commit":"490ef94","controller":"metrics.nodepool","controllerGroup":"karpenter.sh","controllerKind":"NodePool","source":"kind source: *v1beta1.NodePool"}
{"level":"INFO","time":"2024-06-16T08:42:38.791Z","logger":"controller","message":"Starting Controller","commit":"490ef94","controller":"metrics.nodepool","controllerGroup":"karpenter.sh","controllerKind":"NodePool"}
{"level":"INFO","time":"2024-06-16T08:42:38.791Z","logger":"controller","message":"Starting EventSource","commit":"490ef94","controller":"state.pod","controllerGroup":"","controllerKind":"Pod","source":"kind source: *v1.Pod"}
{"level":"INFO","time":"2024-06-16T08:42:38.791Z","logger":"controller","message":"Starting Controller","commit":"490ef94","controller":"state.pod","controllerGroup":"","controllerKind":"Pod"}
{"level":"INFO","time":"2024-06-16T08:42:38.791Z","logger":"controller","message":"Starting EventSource","commit":"490ef94","controller":"metrics.pod","controllerGroup":"","controllerKind":"Pod","source":"kind source: *v1.Pod"}
{"level":"INFO","time":"2024-06-16T08:42:38.791Z","logger":"controller","message":"Starting Controller","commit":"490ef94","controller":"metrics.pod","controllerGroup":"","controllerKind":"Pod"}
{"level":"INFO","time":"2024-06-16T08:42:38.791Z","logger":"controller","message":"Starting EventSource","commit":"490ef94","controller":"state.nodeclaim","controllerGroup":"karpenter.sh","controllerKind":"NodeClaim","source":"kind source: *v1beta1.NodeClaim"}
{"level":"INFO","time":"2024-06-16T08:42:38.791Z","logger":"controller","message":"Starting Controller","commit":"490ef94","controller":"state.nodeclaim","controllerGroup":"karpenter.sh","controllerKind":"NodeClaim"}
{"level":"INFO","time":"2024-06-16T08:42:38.791Z","logger":"controller","message":"Starting controller","commit":"490ef94","controller":"metrics.node"}
{"level":"INFO","time":"2024-06-16T08:42:38.791Z","logger":"controller","message":"Starting EventSource","commit":"490ef94","controller":"nodepool.counter","controllerGroup":"karpenter.sh","controllerKind":"NodePool","source":"kind source: *v1beta1.NodePool"}
{"level":"INFO","time":"2024-06-16T08:42:38.791Z","logger":"controller","message":"Starting EventSource","commit":"490ef94","controller":"nodepool.counter","controllerGroup":"karpenter.sh","controllerKind":"NodePool","source":"kind source: *v1beta1.NodeClaim"}
{"level":"INFO","time":"2024-06-16T08:42:38.791Z","logger":"controller","message":"Starting EventSource","commit":"490ef94","controller":"nodepool.counter","controllerGroup":"karpenter.sh","controllerKind":"NodePool","source":"kind source: *v1.Node"}
{"level":"INFO","time":"2024-06-16T08:42:38.791Z","logger":"controller","message":"Starting Controller","commit":"490ef94","controller":"nodepool.counter","controllerGroup":"karpenter.sh","controllerKind":"NodePool"}
{"level":"INFO","time":"2024-06-16T08:42:38.791Z","logger":"controller","message":"Starting EventSource","commit":"490ef94","controller":"nodeclaim.lifecycle","controllerGroup":"karpenter.sh","controllerKind":"NodeClaim","source":"kind source: *v1beta1.NodeClaim"}
{"level":"INFO","time":"2024-06-16T08:42:38.791Z","logger":"controller","message":"Starting EventSource","commit":"490ef94","controller":"nodeclaim.lifecycle","controllerGroup":"karpenter.sh","controllerKind":"NodeClaim","source":"kind source: *v1.Node"}
{"level":"INFO","time":"2024-06-16T08:42:38.791Z","logger":"controller","message":"Starting Controller","commit":"490ef94","controller":"nodeclaim.lifecycle","controllerGroup":"karpenter.sh","controllerKind":"NodeClaim"}
{"level":"INFO","time":"2024-06-16T08:42:38.791Z","logger":"controller","message":"Starting EventSource","commit":"490ef94","controller":"nodeclaim.consistency","controllerGroup":"karpenter.sh","controllerKind":"NodeClaim","source":"kind source: *v1beta1.NodeClaim"}
{"level":"INFO","time":"2024-06-16T08:42:38.791Z","logger":"controller","message":"Starting EventSource","commit":"490ef94","controller":"nodeclaim.consistency","controllerGroup":"karpenter.sh","controllerKind":"NodeClaim","source":"kind source: *v1.Node"}
{"level":"INFO","time":"2024-06-16T08:42:38.791Z","logger":"controller","message":"Starting Controller","commit":"490ef94","controller":"nodeclaim.consistency","controllerGroup":"karpenter.sh","controllerKind":"NodeClaim"}
{"level":"INFO","time":"2024-06-16T08:42:38.791Z","logger":"controller","message":"Starting EventSource","commit":"490ef94","controller":"nodeclaim.termination","controllerGroup":"karpenter.sh","controllerKind":"NodeClaim","source":"kind source: *v1beta1.NodeClaim"}
{"level":"INFO","time":"2024-06-16T08:42:38.791Z","logger":"controller","message":"Starting EventSource","commit":"490ef94","controller":"nodeclaim.termination","controllerGroup":"karpenter.sh","controllerKind":"NodeClaim","source":"kind source: *v1.Node"}
{"level":"INFO","time":"2024-06-16T08:42:38.791Z","logger":"controller","message":"Starting Controller","commit":"490ef94","controller":"nodeclaim.termination","controllerGroup":"karpenter.sh","controllerKind":"NodeClaim"}
{"level":"INFO","time":"2024-06-16T08:42:38.792Z","logger":"controller","message":"Starting controller","commit":"490ef94","controller":"nodeclaim.garbagecollection"}
{"level":"INFO","time":"2024-06-16T08:42:38.792Z","logger":"controller","message":"Starting EventSource","commit":"490ef94","controller":"lease.garbagecollection","controllerGroup":"coordination.k8s.io","controllerKind":"Lease","source":"kind source: *v1.Lease"}
{"level":"INFO","time":"2024-06-16T08:42:38.792Z","logger":"controller","message":"Starting Controller","commit":"490ef94","controller":"lease.garbagecollection","controllerGroup":"coordination.k8s.io","controllerKind":"Lease"}
{"level":"INFO","time":"2024-06-16T08:42:38.792Z","logger":"controller","message":"Starting EventSource","commit":"490ef94","controller":"nodeclaim.disruption","controllerGroup":"karpenter.sh","controllerKind":"NodeClaim","source":"kind source: *v1beta1.NodeClaim"}
{"level":"INFO","time":"2024-06-16T08:42:38.792Z","logger":"controller","message":"Starting EventSource","commit":"490ef94","controller":"nodeclaim.disruption","controllerGroup":"karpenter.sh","controllerKind":"NodeClaim","source":"kind source: *unstructured.Unstructured"}
{"level":"INFO","time":"2024-06-16T08:42:38.792Z","logger":"controller","message":"Starting EventSource","commit":"490ef94","controller":"nodeclaim.disruption","controllerGroup":"karpenter.sh","controllerKind":"NodeClaim","source":"kind source: *v1beta1.NodePool"}
{"level":"INFO","time":"2024-06-16T08:42:38.792Z","logger":"controller","message":"Starting EventSource","commit":"490ef94","controller":"nodeclaim.disruption","controllerGroup":"karpenter.sh","controllerKind":"NodeClaim","source":"kind source: *v1.Pod"}
{"level":"INFO","time":"2024-06-16T08:42:38.792Z","logger":"controller","message":"Starting Controller","commit":"490ef94","controller":"nodeclaim.disruption","controllerGroup":"karpenter.sh","controllerKind":"NodeClaim"}
{"level":"INFO","time":"2024-06-16T08:42:38.799Z","logger":"controller","message":"Starting EventSource","commit":"490ef94","controller":"nodeclass.status","controllerGroup":"karpenter.k8s.aws","controllerKind":"EC2NodeClass","source":"kind source: *v1beta1.EC2NodeClass"}
{"level":"INFO","time":"2024-06-16T08:42:38.799Z","logger":"controller","message":"Starting Controller","commit":"490ef94","controller":"nodeclass.status","controllerGroup":"karpenter.k8s.aws","controllerKind":"EC2NodeClass"}
{"level":"INFO","time":"2024-06-16T08:42:38.800Z","logger":"controller","message":"Starting EventSource","commit":"490ef94","controller":"nodeclass.hash","controllerGroup":"karpenter.k8s.aws","controllerKind":"EC2NodeClass","source":"kind source: *v1beta1.EC2NodeClass"}
{"level":"INFO","time":"2024-06-16T08:42:38.800Z","logger":"controller","message":"Starting Controller","commit":"490ef94","controller":"nodeclass.hash","controllerGroup":"karpenter.k8s.aws","controllerKind":"EC2NodeClass"}
{"level":"INFO","time":"2024-06-16T08:42:38.800Z","logger":"controller","message":"Starting controller","commit":"490ef94","controller":"nodeclaim.garbagecollection"}
{"level":"INFO","time":"2024-06-16T08:42:38.801Z","logger":"controller","message":"Starting EventSource","commit":"490ef94","controller":"nodeclass.termination","controllerGroup":"karpenter.k8s.aws","controllerKind":"EC2NodeClass","source":"kind source: *v1beta1.EC2NodeClass"}
{"level":"INFO","time":"2024-06-16T08:42:38.801Z","logger":"controller","message":"Starting EventSource","commit":"490ef94","controller":"nodeclass.termination","controllerGroup":"karpenter.k8s.aws","controllerKind":"EC2NodeClass","source":"kind source: *v1beta1.NodeClaim"}
{"level":"INFO","time":"2024-06-16T08:42:38.801Z","logger":"controller","message":"Starting Controller","commit":"490ef94","controller":"nodeclass.termination","controllerGroup":"karpenter.k8s.aws","controllerKind":"EC2NodeClass"}
{"level":"INFO","time":"2024-06-16T08:42:38.802Z","logger":"controller","message":"Starting controller","commit":"490ef94","controller":"providers.pricing"}
{"level":"INFO","time":"2024-06-16T08:42:38.803Z","logger":"controller","message":"Starting EventSource","commit":"490ef94","controller":"nodeclaim.tagging","controllerGroup":"karpenter.sh","controllerKind":"NodeClaim","source":"kind source: *v1beta1.NodeClaim"}
{"level":"INFO","time":"2024-06-16T08:42:38.803Z","logger":"controller","message":"Starting Controller","commit":"490ef94","controller":"nodeclaim.tagging","controllerGroup":"karpenter.sh","controllerKind":"NodeClaim"}
{"level":"INFO","time":"2024-06-16T08:42:38.803Z","logger":"controller","message":"Starting controller","commit":"490ef94","controller":"interruption"}
{"level":"INFO","time":"2024-06-16T08:42:38.804Z","logger":"controller","message":"Starting controller","commit":"490ef94","controller":"providers.instancetype"}
{"level":"INFO","time":"2024-06-16T08:42:38.889Z","logger":"controller","message":"Starting workers","commit":"490ef94","controller":"nodepool.hash","controllerGroup":"karpenter.sh","controllerKind":"NodePool","worker count":10}
{"level":"INFO","time":"2024-06-16T08:42:38.890Z","logger":"controller","message":"Starting workers","commit":"490ef94","controller":"state.node","controllerGroup":"","controllerKind":"Node","worker count":10}
{"level":"INFO","time":"2024-06-16T08:42:38.891Z","logger":"controller","message":"Starting workers","commit":"490ef94","controller":"provisioner.trigger.node","controllerGroup":"","controllerKind":"Node","worker count":10}
{"level":"INFO","time":"2024-06-16T08:42:38.898Z","logger":"controller","message":"Starting workers","commit":"490ef94","controller":"metrics.nodepool","controllerGroup":"karpenter.sh","controllerKind":"NodePool","worker count":1}
{"level":"INFO","time":"2024-06-16T08:42:38.898Z","logger":"controller","message":"Starting workers","commit":"490ef94","controller":"state.pod","controllerGroup":"","controllerKind":"Pod","worker count":10}
{"level":"INFO","time":"2024-06-16T08:42:38.898Z","logger":"controller","message":"Starting workers","commit":"490ef94","controller":"metrics.pod","controllerGroup":"","controllerKind":"Pod","worker count":1}
{"level":"INFO","time":"2024-06-16T08:42:38.899Z","logger":"controller","message":"Starting workers","commit":"490ef94","controller":"state.nodeclaim","controllerGroup":"karpenter.sh","controllerKind":"NodeClaim","worker count":10}
{"level":"INFO","time":"2024-06-16T08:42:38.901Z","logger":"controller","message":"Starting workers","commit":"490ef94","controller":"nodepool.counter","controllerGroup":"karpenter.sh","controllerKind":"NodePool","worker count":10}
{"level":"INFO","time":"2024-06-16T08:42:38.901Z","logger":"controller","message":"Starting workers","commit":"490ef94","controller":"nodeclaim.lifecycle","controllerGroup":"karpenter.sh","controllerKind":"NodeClaim","worker count":1000}
{"level":"INFO","time":"2024-06-16T08:42:38.902Z","logger":"controller","message":"Starting workers","commit":"490ef94","controller":"nodeclaim.consistency","controllerGroup":"karpenter.sh","controllerKind":"NodeClaim","worker count":10}
{"level":"INFO","time":"2024-06-16T08:42:38.909Z","logger":"controller","message":"Starting workers","commit":"490ef94","controller":"nodeclaim.tagging","controllerGroup":"karpenter.sh","controllerKind":"NodeClaim","worker count":1}
{"level":"INFO","time":"2024-06-16T08:42:38.909Z","logger":"controller","message":"Starting workers","commit":"490ef94","controller":"nodeclass.hash","controllerGroup":"karpenter.k8s.aws","controllerKind":"EC2NodeClass","worker count":10}
{"level":"INFO","time":"2024-06-16T08:42:38.909Z","logger":"controller","message":"Starting workers","commit":"490ef94","controller":"nodeclass.termination","controllerGroup":"karpenter.k8s.aws","controllerKind":"EC2NodeClass","worker count":10}
{"level":"INFO","time":"2024-06-16T08:42:38.909Z","logger":"controller","message":"Starting workers","commit":"490ef94","controller":"nodeclass.status","controllerGroup":"karpenter.k8s.aws","controllerKind":"EC2NodeClass","worker count":10}
{"level":"INFO","time":"2024-06-16T08:42:38.909Z","logger":"controller","message":"Starting workers","commit":"490ef94","controller":"nodeclaim.disruption","controllerGroup":"karpenter.sh","controllerKind":"NodeClaim","worker count":10}
{"level":"INFO","time":"2024-06-16T08:42:38.909Z","logger":"controller","message":"Starting workers","commit":"490ef94","controller":"nodeclaim.termination","controllerGroup":"karpenter.sh","controllerKind":"NodeClaim","worker count":100}
{"level":"INFO","time":"2024-06-16T08:42:38.996Z","logger":"controller","message":"Starting workers","commit":"490ef94","controller":"state.daemonset","controllerGroup":"apps","controllerKind":"DaemonSet","worker count":10}
{"level":"INFO","time":"2024-06-16T08:42:39.002Z","logger":"controller","message":"Starting workers","commit":"490ef94","controller":"lease.garbagecollection","controllerGroup":"coordination.k8s.io","controllerKind":"Lease","worker count":10}
{"level":"INFO","time":"2024-06-16T08:42:39.004Z","logger":"controller","message":"Starting workers","commit":"490ef94","controller":"node.termination","controllerGroup":"","controllerKind":"Node","worker count":100}
{"level":"INFO","time":"2024-06-16T08:42:39.005Z","logger":"controller","message":"Starting workers","commit":"490ef94","controller":"state.nodepool","controllerGroup":"karpenter.sh","controllerKind":"NodePool","worker count":10}
{"level":"INFO","time":"2024-06-16T08:48:41.033Z","logger":"controller","message":"found provisionable pod(s)","commit":"490ef94","controller":"provisioner","Pods":"default/nginx-7794cc74cc-cb6zm","duration":"22.212121ms"}
{"level":"INFO","time":"2024-06-16T08:48:41.033Z","logger":"controller","message":"computed new nodeclaim(s) to fit pod(s)","commit":"490ef94","controller":"provisioner","nodeclaims":1,"pods":1}
{"level":"INFO","time":"2024-06-16T08:48:41.045Z","logger":"controller","message":"created nodeclaim","commit":"490ef94","controller":"provisioner","NodePool":{"name":"default"},"NodeClaim":{"name":"default-v58zh"},"requests":{"cpu":"2150m","memory":"512Mi","pods":"3"},"instance-types":"t2.2xlarge, t2.xlarge, t3.2xlarge, t3.xlarge, t3a.2xlarge and 1 other(s)"}
{"level":"INFO","time":"2024-06-16T08:48:43.158Z","logger":"controller","message":"launched nodeclaim","commit":"490ef94","controller":"nodeclaim.lifecycle","controllerGroup":"karpenter.sh","controllerKind":"NodeClaim","NodeClaim":{"name":"default-v58zh"},"namespace":"","name":"default-v58zh","reconcileID":"3161cbca-baa9-49cc-8f9f-51c854cc592b","provider-id":"aws:///ap-northeast-2c/i-0e21c99bf5e6eb0a9","instance-type":"t2.xlarge","zone":"ap-northeast-2c","capacity-type":"spot","allocatable":{"cpu":"3920m","ephemeral-storage":"17Gi","memory":"14316Mi","pods":"44"}}
{"level":"INFO","time":"2024-06-16T08:49:10.150Z","logger":"controller","message":"registered nodeclaim","commit":"490ef94","controller":"nodeclaim.lifecycle","controllerGroup":"karpenter.sh","controllerKind":"NodeClaim","NodeClaim":{"name":"default-v58zh"},"namespace":"","name":"default-v58zh","reconcileID":"30e101d4-1b28-4998-8f94-2ca1e77378e9","provider-id":"aws:///ap-northeast-2c/i-0e21c99bf5e6eb0a9","Node":{"name":"ip-10-0-101-72.ap-northeast-2.compute.internal"}}
{"level":"INFO","time":"2024-06-16T08:49:23.711Z","logger":"controller","message":"initialized nodeclaim","commit":"490ef94","controller":"nodeclaim.lifecycle","controllerGroup":"karpenter.sh","controllerKind":"NodeClaim","NodeClaim":{"name":"default-v58zh"},"namespace":"","name":"default-v58zh","reconcileID":"55c16317-940a-4a0a-942f-f0d660782374","provider-id":"aws:///ap-northeast-2c/i-0e21c99bf5e6eb0a9","Node":{"name":"ip-10-0-101-72.ap-northeast-2.compute.internal"},"allocatable":{"cpu":"3920m","ephemeral-storage":"18242267924","hugepages-1Gi":"0","hugepages-2Mi":"0","memory":"15510376Ki","pods":"44"}}
{"level":"INFO","time":"2024-06-16T10:52:43.949Z","logger":"controller","message":"found provisionable pod(s)","commit":"490ef94","controller":"provisioner","Pods":"default/nginx-65c54dc874-ndtsl","duration":"27.000288ms"}
{"level":"INFO","time":"2024-06-16T10:52:43.949Z","logger":"controller","message":"computed new nodeclaim(s) to fit pod(s)","commit":"490ef94","controller":"provisioner","nodeclaims":1,"pods":1}
{"level":"INFO","time":"2024-06-16T10:52:43.963Z","logger":"controller","message":"created nodeclaim","commit":"490ef94","controller":"provisioner","NodePool":{"name":"default"},"NodeClaim":{"name":"default-rzhvl"},"requests":{"cpu":"2150m","memory":"512Mi","pods":"3"},"instance-types":"t2.2xlarge, t2.xlarge, t3.2xlarge, t3.xlarge, t3a.2xlarge and 1 other(s)"}
{"level":"INFO","time":"2024-06-16T10:52:46.175Z","logger":"controller","message":"launched nodeclaim","commit":"490ef94","controller":"nodeclaim.lifecycle","controllerGroup":"karpenter.sh","controllerKind":"NodeClaim","NodeClaim":{"name":"default-rzhvl"},"namespace":"","name":"default-rzhvl","reconcileID":"7110ba8a-8ba3-4104-885e-cbd1dfdf9b4a","provider-id":"aws:///ap-northeast-2c/i-03d5ef9f53d4724fe","instance-type":"t2.xlarge","zone":"ap-northeast-2c","capacity-type":"spot","allocatable":{"cpu":"3920m","ephemeral-storage":"17Gi","memory":"14316Mi","pods":"44"}}
{"level":"INFO","time":"2024-06-16T10:53:15.204Z","logger":"controller","message":"registered nodeclaim","commit":"490ef94","controller":"nodeclaim.lifecycle","controllerGroup":"karpenter.sh","controllerKind":"NodeClaim","NodeClaim":{"name":"default-rzhvl"},"namespace":"","name":"default-rzhvl","reconcileID":"7ef05767-dc7f-456c-ab5d-d57e071446bb","provider-id":"aws:///ap-northeast-2c/i-03d5ef9f53d4724fe","Node":{"name":"ip-10-0-101-55.ap-northeast-2.compute.internal"}}
{"level":"INFO","time":"2024-06-16T10:53:28.584Z","logger":"controller","message":"initialized nodeclaim","commit":"490ef94","controller":"nodeclaim.lifecycle","controllerGroup":"karpenter.sh","controllerKind":"NodeClaim","NodeClaim":{"name":"default-rzhvl"},"namespace":"","name":"default-rzhvl","reconcileID":"616cc1cd-82fc-4b0a-9af3-25d671935ffd","provider-id":"aws:///ap-northeast-2c/i-03d5ef9f53d4724fe","Node":{"name":"ip-10-0-101-55.ap-northeast-2.compute.internal"},"allocatable":{"cpu":"3920m","ephemeral-storage":"18242267924","hugepages-1Gi":"0","hugepages-2Mi":"0","memory":"15510376Ki","pods":"44"}}
{"level":"INFO","time":"2024-06-16T10:53:52.186Z","logger":"controller","message":"disrupting via consolidation delete, terminating 1 nodes (0 pods) ip-10-0-101-72.ap-northeast-2.compute.internal/t2.xlarge/spot","commit":"490ef94","controller":"disruption","command-id":"ec571b1c-d35e-43f2-8f6d-e8ad11604c5f"}
{"level":"INFO","time":"2024-06-16T10:53:52.816Z","logger":"controller","message":"command succeeded","commit":"490ef94","controller":"disruption.queue","command-id":"ec571b1c-d35e-43f2-8f6d-e8ad11604c5f"}
{"level":"INFO","time":"2024-06-16T10:53:52.855Z","logger":"controller","message":"tainted node","commit":"490ef94","controller":"node.termination","controllerGroup":"","controllerKind":"Node","Node":{"name":"ip-10-0-101-72.ap-northeast-2.compute.internal"},"namespace":"","name":"ip-10-0-101-72.ap-northeast-2.compute.internal","reconcileID":"a0666e32-3e39-4a2a-bdd3-aa27c090e4b5"}
{"level":"INFO","time":"2024-06-16T10:53:53.288Z","logger":"controller","message":"deleted node","commit":"490ef94","controller":"node.termination","controllerGroup":"","controllerKind":"Node","Node":{"name":"ip-10-0-101-72.ap-northeast-2.compute.internal"},"namespace":"","name":"ip-10-0-101-72.ap-northeast-2.compute.internal","reconcileID":"a0666e32-3e39-4a2a-bdd3-aa27c090e4b5"}
{"level":"INFO","time":"2024-06-16T10:53:53.629Z","logger":"controller","message":"deleted nodeclaim","commit":"490ef94","controller":"nodeclaim.termination","controllerGroup":"karpenter.sh","controllerKind":"NodeClaim","NodeClaim":{"name":"default-v58zh"},"namespace":"","name":"default-v58zh","reconcileID":"90c086f7-5acc-49d0-a2a5-0d90e0b6ad09","Node":{"name":"ip-10-0-101-72.ap-northeast-2.compute.internal"},"provider-id":"aws:///ap-northeast-2c/i-0e21c99bf5e6eb0a9"}
{"level":"INFO","time":"2024-06-16T10:55:28.861Z","logger":"controller","message":"found provisionable pod(s)","commit":"490ef94","controller":"provisioner","Pods":"default/nginx-6cdfbcd6d-q2bdh","duration":"24.258047ms"}
{"level":"INFO","time":"2024-06-16T10:55:28.861Z","logger":"controller","message":"computed new nodeclaim(s) to fit pod(s)","commit":"490ef94","controller":"provisioner","nodeclaims":1,"pods":1}
{"level":"INFO","time":"2024-06-16T10:55:28.874Z","logger":"controller","message":"created nodeclaim","commit":"490ef94","controller":"provisioner","NodePool":{"name":"default"},"NodeClaim":{"name":"default-dvc6q"},"requests":{"cpu":"2150m","memory":"512Mi","pods":"3"},"instance-types":"t2.2xlarge, t2.xlarge, t3.2xlarge, t3.xlarge, t3a.2xlarge and 1 other(s)"}
{"level":"INFO","time":"2024-06-16T10:55:31.026Z","logger":"controller","message":"launched nodeclaim","commit":"490ef94","controller":"nodeclaim.lifecycle","controllerGroup":"karpenter.sh","controllerKind":"NodeClaim","NodeClaim":{"name":"default-dvc6q"},"namespace":"","name":"default-dvc6q","reconcileID":"dede9a1f-2ae7-455b-8bb0-e1d44acc298d","provider-id":"aws:///ap-northeast-2c/i-0d588ecd75347e873","instance-type":"t2.xlarge","zone":"ap-northeast-2c","capacity-type":"spot","allocatable":{"cpu":"3920m","ephemeral-storage":"17Gi","memory":"14316Mi","pods":"44"}}
{"level":"INFO","time":"2024-06-16T10:55:59.416Z","logger":"controller","message":"registered nodeclaim","commit":"490ef94","controller":"nodeclaim.lifecycle","controllerGroup":"karpenter.sh","controllerKind":"NodeClaim","NodeClaim":{"name":"default-dvc6q"},"namespace":"","name":"default-dvc6q","reconcileID":"8193f168-ad7e-4c71-92a8-81aa1b0a842b","provider-id":"aws:///ap-northeast-2c/i-0d588ecd75347e873","Node":{"name":"ip-10-0-101-193.ap-northeast-2.compute.internal"}}
{"level":"INFO","time":"2024-06-16T10:56:12.839Z","logger":"controller","message":"initialized nodeclaim","commit":"490ef94","controller":"nodeclaim.lifecycle","controllerGroup":"karpenter.sh","controllerKind":"NodeClaim","NodeClaim":{"name":"default-dvc6q"},"namespace":"","name":"default-dvc6q","reconcileID":"9c41c69c-1cc5-4081-bd0c-a71ed555b1e6","provider-id":"aws:///ap-northeast-2c/i-0d588ecd75347e873","Node":{"name":"ip-10-0-101-193.ap-northeast-2.compute.internal"},"allocatable":{"cpu":"3920m","ephemeral-storage":"18242267924","hugepages-1Gi":"0","hugepages-2Mi":"0","memory":"15510376Ki","pods":"44"}}
{"level":"INFO","time":"2024-06-16T10:56:37.463Z","logger":"controller","message":"disrupting via consolidation delete, terminating 1 nodes (0 pods) ip-10-0-101-55.ap-northeast-2.compute.internal/t2.xlarge/spot","commit":"490ef94","controller":"disruption","command-id":"23fd95db-835b-4373-abd4-ec1c70e385cb"}
{"level":"INFO","time":"2024-06-16T10:56:37.944Z","logger":"controller","message":"command succeeded","commit":"490ef94","controller":"disruption.queue","command-id":"23fd95db-835b-4373-abd4-ec1c70e385cb"}
{"level":"INFO","time":"2024-06-16T10:56:37.978Z","logger":"controller","message":"tainted node","commit":"490ef94","controller":"node.termination","controllerGroup":"","controllerKind":"Node","Node":{"name":"ip-10-0-101-55.ap-northeast-2.compute.internal"},"namespace":"","name":"ip-10-0-101-55.ap-northeast-2.compute.internal","reconcileID":"0b5de866-eeca-4bf9-8b4b-ffa039d57160"}
{"level":"INFO","time":"2024-06-16T10:56:38.476Z","logger":"controller","message":"deleted node","commit":"490ef94","controller":"node.termination","controllerGroup":"","controllerKind":"Node","Node":{"name":"ip-10-0-101-55.ap-northeast-2.compute.internal"},"namespace":"","name":"ip-10-0-101-55.ap-northeast-2.compute.internal","reconcileID":"0b5de866-eeca-4bf9-8b4b-ffa039d57160"}
{"level":"INFO","time":"2024-06-16T10:56:38.859Z","logger":"controller","message":"deleted nodeclaim","commit":"490ef94","controller":"nodeclaim.termination","controllerGroup":"karpenter.sh","controllerKind":"NodeClaim","NodeClaim":{"name":"default-rzhvl"},"namespace":"","name":"default-rzhvl","reconcileID":"1fd4a0da-c27a-4250-99f3-9e23b663a6cd","Node":{"name":"ip-10-0-101-55.ap-northeast-2.compute.internal"},"provider-id":"aws:///ap-northeast-2c/i-03d5ef9f53d4724fe"}
{"level":"INFO","time":"2024-06-16T11:01:22.832Z","logger":"controller","message":"disrupting via consolidation delete, terminating 1 nodes (0 pods) ip-10-0-101-193.ap-northeast-2.compute.internal/t2.xlarge/spot","commit":"490ef94","controller":"disruption","command-id":"9043feba-1de7-4c7c-afb2-fd18b86c9c90"}
{"level":"INFO","time":"2024-06-16T11:01:23.149Z","logger":"controller","message":"command succeeded","commit":"490ef94","controller":"disruption.queue","command-id":"9043feba-1de7-4c7c-afb2-fd18b86c9c90"}
{"level":"INFO","time":"2024-06-16T11:01:23.183Z","logger":"controller","message":"tainted node","commit":"490ef94","controller":"node.termination","controllerGroup":"","controllerKind":"Node","Node":{"name":"ip-10-0-101-193.ap-northeast-2.compute.internal"},"namespace":"","name":"ip-10-0-101-193.ap-northeast-2.compute.internal","reconcileID":"adc9114b-01d5-47df-9fce-5fdfec67d8af"}
{"level":"INFO","time":"2024-06-16T11:01:23.629Z","logger":"controller","message":"deleted node","commit":"490ef94","controller":"node.termination","controllerGroup":"","controllerKind":"Node","Node":{"name":"ip-10-0-101-193.ap-northeast-2.compute.internal"},"namespace":"","name":"ip-10-0-101-193.ap-northeast-2.compute.internal","reconcileID":"adc9114b-01d5-47df-9fce-5fdfec67d8af"}
{"level":"INFO","time":"2024-06-16T11:01:23.965Z","logger":"controller","message":"deleted nodeclaim","commit":"490ef94","controller":"nodeclaim.termination","controllerGroup":"karpenter.sh","controllerKind":"NodeClaim","NodeClaim":{"name":"default-dvc6q"},"namespace":"","name":"default-dvc6q","reconcileID":"0cd26c29-2c71-4fa3-ac0d-c5252c4ed0f4","Node":{"name":"ip-10-0-101-193.ap-northeast-2.compute.internal"},"provider-id":"aws:///ap-northeast-2c/i-0d588ecd75347e873"}
{"level":"INFO","time":"2024-06-16T13:33:40.166Z","logger":"controller","message":"found provisionable pod(s)","commit":"490ef94","controller":"provisioner","Pods":"default/nginx-679b6675d8-8bztk","duration":"20.507895ms"}
{"level":"INFO","time":"2024-06-16T13:33:40.166Z","logger":"controller","message":"computed new nodeclaim(s) to fit pod(s)","commit":"490ef94","controller":"provisioner","nodeclaims":1,"pods":1}
{"level":"INFO","time":"2024-06-16T13:33:40.177Z","logger":"controller","message":"created nodeclaim","commit":"490ef94","controller":"provisioner","NodePool":{"name":"default"},"NodeClaim":{"name":"default-5685m"},"requests":{"cpu":"2150m","memory":"512Mi","pods":"3"},"instance-types":"t2.2xlarge, t2.xlarge, t3.2xlarge, t3.xlarge, t3a.2xlarge and 1 other(s)"}
{"level":"INFO","time":"2024-06-16T13:33:42.381Z","logger":"controller","message":"launched nodeclaim","commit":"490ef94","controller":"nodeclaim.lifecycle","controllerGroup":"karpenter.sh","controllerKind":"NodeClaim","NodeClaim":{"name":"default-5685m"},"namespace":"","name":"default-5685m","reconcileID":"4203ac46-edcf-4642-9c77-5a2aa695b304","provider-id":"aws:///ap-northeast-2c/i-0f6f5d820ceef1c78","instance-type":"t2.xlarge","zone":"ap-northeast-2c","capacity-type":"spot","allocatable":{"cpu":"3920m","ephemeral-storage":"17Gi","memory":"14316Mi","pods":"44"}}
{"level":"INFO","time":"2024-06-16T13:34:09.830Z","logger":"controller","message":"registered nodeclaim","commit":"490ef94","controller":"nodeclaim.lifecycle","controllerGroup":"karpenter.sh","controllerKind":"NodeClaim","NodeClaim":{"name":"default-5685m"},"namespace":"","name":"default-5685m","reconcileID":"598672a6-3cc5-4b0d-875c-b1e63f1a3b44","provider-id":"aws:///ap-northeast-2c/i-0f6f5d820ceef1c78","Node":{"name":"ip-10-0-101-34.ap-northeast-2.compute.internal"}}
{"level":"INFO","time":"2024-06-16T13:34:23.230Z","logger":"controller","message":"initialized nodeclaim","commit":"490ef94","controller":"nodeclaim.lifecycle","controllerGroup":"karpenter.sh","controllerKind":"NodeClaim","NodeClaim":{"name":"default-5685m"},"namespace":"","name":"default-5685m","reconcileID":"f43a7e80-1312-4526-9551-0001526803a9","provider-id":"aws:///ap-northeast-2c/i-0f6f5d820ceef1c78","Node":{"name":"ip-10-0-101-34.ap-northeast-2.compute.internal"},"allocatable":{"cpu":"3920m","ephemeral-storage":"18242267924","hugepages-1Gi":"0","hugepages-2Mi":"0","memory":"15510376Ki","pods":"44"}}
{"level":"INFO","time":"2024-06-16T13:51:27.877Z","logger":"controller","message":"disrupting via drift replace, terminating 1 nodes (1 pods) ip-10-0-101-34.ap-northeast-2.compute.internal/t2.xlarge/spot and replacing with spot node from types t2.xlarge, t3a.xlarge, t3.xlarge, t2.2xlarge, t3a.2xlarge and 1 other(s)","commit":"490ef94","controller":"disruption","command-id":"9391758a-b6a5-4209-b170-6d8f807739c0"}
{"level":"INFO","time":"2024-06-16T13:51:27.914Z","logger":"controller","message":"created nodeclaim","commit":"490ef94","controller":"disruption","NodePool":{"name":"default"},"NodeClaim":{"name":"default-h5jkt"},"requests":{"cpu":"2150m","memory":"512Mi","pods":"3"},"instance-types":"t2.2xlarge, t2.xlarge, t3.2xlarge, t3.xlarge, t3a.2xlarge and 1 other(s)"}
{"level":"INFO","time":"2024-06-16T13:51:30.194Z","logger":"controller","message":"launched nodeclaim","commit":"490ef94","controller":"nodeclaim.lifecycle","controllerGroup":"karpenter.sh","controllerKind":"NodeClaim","NodeClaim":{"name":"default-h5jkt"},"namespace":"","name":"default-h5jkt","reconcileID":"eda1e043-77e1-4838-9d8d-8e3cc6c937e5","provider-id":"aws:///ap-northeast-2c/i-02c67060def1df466","instance-type":"t2.xlarge","zone":"ap-northeast-2c","capacity-type":"spot","allocatable":{"cpu":"3920m","ephemeral-storage":"17Gi","memory":"14316Mi","pods":"44"}}
{"level":"INFO","time":"2024-06-16T13:51:58.453Z","logger":"controller","message":"registered nodeclaim","commit":"490ef94","controller":"nodeclaim.lifecycle","controllerGroup":"karpenter.sh","controllerKind":"NodeClaim","NodeClaim":{"name":"default-h5jkt"},"namespace":"","name":"default-h5jkt","reconcileID":"51c49483-b1d7-42ae-ac00-99d1ed74d094","provider-id":"aws:///ap-northeast-2c/i-02c67060def1df466","Node":{"name":"ip-10-0-101-219.ap-northeast-2.compute.internal"}}
{"level":"INFO","time":"2024-06-16T13:52:11.953Z","logger":"controller","message":"initialized nodeclaim","commit":"490ef94","controller":"nodeclaim.lifecycle","controllerGroup":"karpenter.sh","controllerKind":"NodeClaim","NodeClaim":{"name":"default-h5jkt"},"namespace":"","name":"default-h5jkt","reconcileID":"780f2d27-c650-46b4-b3a0-f704ba483767","provider-id":"aws:///ap-northeast-2c/i-02c67060def1df466","Node":{"name":"ip-10-0-101-219.ap-northeast-2.compute.internal"},"allocatable":{"cpu":"3920m","ephemeral-storage":"18242267924","hugepages-1Gi":"0","hugepages-2Mi":"0","memory":"15510376Ki","pods":"44"}}
{"level":"INFO","time":"2024-06-16T13:52:14.722Z","logger":"controller","message":"command succeeded","commit":"490ef94","controller":"disruption.queue","command-id":"9391758a-b6a5-4209-b170-6d8f807739c0"}
{"level":"INFO","time":"2024-06-16T13:52:14.771Z","logger":"controller","message":"tainted node","commit":"490ef94","controller":"node.termination","controllerGroup":"","controllerKind":"Node","Node":{"name":"ip-10-0-101-34.ap-northeast-2.compute.internal"},"namespace":"","name":"ip-10-0-101-34.ap-northeast-2.compute.internal","reconcileID":"012a9a8a-6ae8-4eb9-9783-0236f796d55f"}
{"level":"INFO","time":"2024-06-16T13:52:46.303Z","logger":"controller","message":"deleted node","commit":"490ef94","controller":"node.termination","controllerGroup":"","controllerKind":"Node","Node":{"name":"ip-10-0-101-34.ap-northeast-2.compute.internal"},"namespace":"","name":"ip-10-0-101-34.ap-northeast-2.compute.internal","reconcileID":"930a8c3e-3340-4631-8849-347656c9dfd3"}
{"level":"INFO","time":"2024-06-16T13:52:46.654Z","logger":"controller","message":"deleted nodeclaim","commit":"490ef94","controller":"nodeclaim.termination","controllerGroup":"karpenter.sh","controllerKind":"NodeClaim","NodeClaim":{"name":"default-5685m"},"namespace":"","name":"default-5685m","reconcileID":"a0d0bb57-5c50-45d7-8c8f-35002a906373","Node":{"name":"ip-10-0-101-34.ap-northeast-2.compute.internal"},"provider-id":"aws:///ap-northeast-2c/i-0f6f5d820ceef1c78"}
